<?xml version="1.0" encoding="UTF-8"?>
<testng-results skipped="0" failed="1" total="2" passed="1">
  <reporter-output>
  </reporter-output>
  <suite name="Default suite" duration-ms="23349" started-at="2019-09-09T10:31:35Z" finished-at="2019-09-09T10:31:59Z">
    <groups>
    </groups>
    <test name="Default test" duration-ms="23349" started-at="2019-09-09T10:31:35Z" finished-at="2019-09-09T10:31:59Z">
      <class name="com.akshay.automation.testcases.pageobjects.TC_LoginPageObject">
        <test-method status="PASS" signature="preSetUp()[pri:0, instance:com.akshay.automation.testcases.pageobjects.TC_LoginPageObject@75bd9247]" name="preSetUp" is-config="true" duration-ms="6759" started-at="2019-09-09T16:01:35Z" finished-at="2019-09-09T16:01:42Z">
          <reporter-output>
          </reporter-output>
        </test-method> <!-- preSetUp -->
        <test-method status="PASS" signature="validateBeforeClass()[pri:0, instance:com.akshay.automation.testcases.pageobjects.TC_LoginPageObject@75bd9247]" name="validateBeforeClass" is-config="true" duration-ms="0" started-at="2019-09-09T16:01:42Z" finished-at="2019-09-09T16:01:42Z">
          <reporter-output>
          </reporter-output>
        </test-method> <!-- validateBeforeClass -->
        <test-method status="PASS" signature="validateBeforeMethod()[pri:0, instance:com.akshay.automation.testcases.pageobjects.TC_LoginPageObject@75bd9247]" name="validateBeforeMethod" is-config="true" duration-ms="0" started-at="2019-09-09T16:01:42Z" finished-at="2019-09-09T16:01:42Z">
          <reporter-output>
          </reporter-output>
        </test-method> <!-- validateBeforeMethod -->
        <test-method status="PASS" signature="tc01()[pri:0, instance:com.akshay.automation.testcases.pageobjects.TC_LoginPageObject@75bd9247]" name="tc01" duration-ms="5386" started-at="2019-09-09T16:01:42Z" finished-at="2019-09-09T16:01:48Z">
          <reporter-output>
          </reporter-output>
        </test-method> <!-- tc01 -->
        <test-method status="PASS" signature="validateAfterMethod()[pri:0, instance:com.akshay.automation.testcases.pageobjects.TC_LoginPageObject@75bd9247]" name="validateAfterMethod" is-config="true" duration-ms="1" started-at="2019-09-09T16:01:48Z" finished-at="2019-09-09T16:01:48Z">
          <reporter-output>
          </reporter-output>
        </test-method> <!-- validateAfterMethod -->
        <test-method status="PASS" signature="validateBeforeClass()[pri:0, instance:com.akshay.automation.testcases.pageobjects.TC_LoginPageObject@75bd9247]" name="validateBeforeClass" is-config="true" duration-ms="0" started-at="2019-09-09T16:01:48Z" finished-at="2019-09-09T16:01:48Z">
          <reporter-output>
          </reporter-output>
        </test-method> <!-- validateBeforeClass -->
        <test-method status="FAIL" signature="tc02()[pri:0, instance:com.akshay.automation.testcases.pageobjects.TC_LoginPageObject@75bd9247]" name="tc02" duration-ms="9598" started-at="2019-09-09T16:01:48Z" finished-at="2019-09-09T16:01:57Z">
          <exception class="java.lang.AssertionError">
            <message>
              <![CDATA[expected [Citrix Education] but found [Cit Education]]]>
            </message>
            <full-stacktrace>
              <![CDATA[java.lang.AssertionError: expected [Citrix Education] but found [Cit Education]
	at org.testng.Assert.fail(Assert.java:94)
	at org.testng.Assert.failNotEquals(Assert.java:496)
	at org.testng.Assert.assertEquals(Assert.java:125)
	at org.testng.Assert.assertEquals(Assert.java:178)
	at org.testng.Assert.assertEquals(Assert.java:188)
	at com.akshay.automation.testcases.pageobjects.TC_LoginPageObject.tc02(TC_LoginPageObject.java:35)
	at sun.reflect.NativeMethodAccessorImpl.invoke0(Native Method)
	at sun.reflect.NativeMethodAccessorImpl.invoke(Unknown Source)
	at sun.reflect.DelegatingMethodAccessorImpl.invoke(Unknown Source)
	at java.lang.reflect.Method.invoke(Unknown Source)
	at org.testng.internal.MethodInvocationHelper.invokeMethod(MethodInvocationHelper.java:85)
	at org.testng.internal.Invoker.invokeMethod(Invoker.java:639)
	at org.testng.internal.Invoker.invokeTestMethod(Invoker.java:816)
	at org.testng.internal.Invoker.invokeTestMethods(Invoker.java:1124)
	at org.testng.internal.TestMethodWorker.invokeTestMethods(TestMethodWorker.java:125)
	at org.testng.internal.TestMethodWorker.run(TestMethodWorker.java:108)
	at org.testng.TestRunner.privateRun(TestRunner.java:774)
	at org.testng.TestRunner.run(TestRunner.java:624)
	at org.testng.SuiteRunner.runTest(SuiteRunner.java:359)
	at org.testng.SuiteRunner.runSequentially(SuiteRunner.java:354)
	at org.testng.SuiteRunner.privateRun(SuiteRunner.java:312)
	at org.testng.SuiteRunner.run(SuiteRunner.java:261)
	at org.testng.SuiteRunnerWorker.runSuite(SuiteRunnerWorker.java:52)
	at org.testng.SuiteRunnerWorker.run(SuiteRunnerWorker.java:86)
	at org.testng.TestNG.runSuitesSequentially(TestNG.java:1215)
	at org.testng.TestNG.runSuitesLocally(TestNG.java:1140)
	at org.testng.TestNG.run(TestNG.java:1048)
	at org.testng.remote.RemoteTestNG.run(RemoteTestNG.java:112)
	at org.testng.remote.RemoteTestNG.initAndRun(RemoteTestNG.java:205)
	at org.testng.remote.RemoteTestNG.main(RemoteTestNG.java:176)
]]>
            </full-stacktrace>
          </exception> <!-- java.lang.AssertionError -->
          <reporter-output>
          </reporter-output>
        </test-method> <!-- tc02 -->
        <test-method status="PASS" signature="validateBeforeMethod()[pri:0, instance:com.akshay.automation.testcases.pageobjects.TC_LoginPageObject@75bd9247]" name="validateBeforeMethod" is-config="true" duration-ms="0" started-at="2019-09-09T16:01:48Z" finished-at="2019-09-09T16:01:48Z">
          <reporter-output>
          </reporter-output>
        </test-method> <!-- validateBeforeMethod -->
        <test-method status="PASS" signature="validateAfterMethod()[pri:0, instance:com.akshay.automation.testcases.pageobjects.TC_LoginPageObject@75bd9247]" name="validateAfterMethod" is-config="true" duration-ms="1" started-at="2019-09-09T16:01:57Z" finished-at="2019-09-09T16:01:57Z">
          <reporter-output>
          </reporter-output>
        </test-method> <!-- validateAfterMethod -->
        <test-method status="PASS" signature="validateAfterClass()[pri:0, instance:com.akshay.automation.testcases.pageobjects.TC_LoginPageObject@75bd9247]" name="validateAfterClass" is-config="true" duration-ms="0" started-at="2019-09-09T16:01:57Z" finished-at="2019-09-09T16:01:57Z">
          <reporter-output>
          </reporter-output>
        </test-method> <!-- validateAfterClass -->
        <test-method status="PASS" signature="tearDown()[pri:0, instance:com.akshay.automation.testcases.pageobjects.TC_LoginPageObject@75bd9247]" name="tearDown" is-config="true" duration-ms="1580" started-at="2019-09-09T16:01:57Z" finished-at="2019-09-09T16:01:59Z">
          <reporter-output>
          </reporter-output>
        </test-method> <!-- tearDown -->
      </class> <!-- com.akshay.automation.testcases.pageobjects.TC_LoginPageObject -->
    </test> <!-- Default test -->
  </suite> <!-- Default suite -->
</testng-results>
